Using pre-set license
Built from '2021.3/staging' branch; Version is '2021.3.33f1 (ee5a2aa03ab2) revision 15620650'; Using compiler version '192829333'; Build Type 'Release'
OS: 'Windows 11  (10.0.22621) 64bit Core' Language: 'en' Physical Memory: 31904 MB
BatchMode: 1, IsHumanControllingUs: 0, StartBugReporterOnCrash: 0, Is64bit: 1, IsPro: 1

COMMAND LINE ARGUMENTS:
D:\Unity\2021.3.33f1\Editor\Unity.exe
-adb2
-batchMode
-noUpm
-name
AssetImportWorker2
-projectPath
C:/Users/gbara/repos/Shmestiny
-logFile
Logs/AssetImportWorker2.log
-srvPort
53880
Successfully changed project path to: C:/Users/gbara/repos/Shmestiny
C:/Users/gbara/repos/Shmestiny
[UnityMemory] Configuration Parameters - Can be set up in boot.config
    "memorysetup-bucket-allocator-granularity=16"
    "memorysetup-bucket-allocator-bucket-count=8"
    "memorysetup-bucket-allocator-block-size=33554432"
    "memorysetup-bucket-allocator-block-count=8"
    "memorysetup-main-allocator-block-size=16777216"
    "memorysetup-thread-allocator-block-size=16777216"
    "memorysetup-gfx-main-allocator-block-size=16777216"
    "memorysetup-gfx-thread-allocator-block-size=16777216"
    "memorysetup-cache-allocator-block-size=4194304"
    "memorysetup-typetree-allocator-block-size=2097152"
    "memorysetup-profiler-bucket-allocator-granularity=16"
    "memorysetup-profiler-bucket-allocator-bucket-count=8"
    "memorysetup-profiler-bucket-allocator-block-size=33554432"
    "memorysetup-profiler-bucket-allocator-block-count=8"
    "memorysetup-profiler-allocator-block-size=16777216"
    "memorysetup-profiler-editor-allocator-block-size=1048576"
    "memorysetup-temp-allocator-size-main=16777216"
    "memorysetup-job-temp-allocator-block-size=2097152"
    "memorysetup-job-temp-allocator-block-size-background=1048576"
    "memorysetup-job-temp-allocator-reduction-small-platforms=262144"
    "memorysetup-temp-allocator-size-background-worker=32768"
    "memorysetup-temp-allocator-size-job-worker=262144"
    "memorysetup-temp-allocator-size-preload-manager=33554432"
    "memorysetup-temp-allocator-size-nav-mesh-worker=65536"
    "memorysetup-temp-allocator-size-audio-worker=65536"
    "memorysetup-temp-allocator-size-cloud-worker=32768"
    "memorysetup-temp-allocator-size-gi-baking-worker=262144"
    "memorysetup-temp-allocator-size-gfx=262144"
Player connection [9364] Host "[IP] 192.168.1.15 [Port] 0 [Flags] 2 [Guid] 663999126 [EditorId] 663999126 [Version] 1048832 [Id] WindowsEditor(7,g-frame) [Debug] 1 [PackageName] WindowsEditor [ProjectName] Editor" joined multi-casting on [225.0.0.222:54997]...

Player connection [9364] Host "[IP] 192.168.1.15 [Port] 0 [Flags] 2 [Guid] 663999126 [EditorId] 663999126 [Version] 1048832 [Id] WindowsEditor(7,g-frame) [Debug] 1 [PackageName] WindowsEditor [ProjectName] Editor" joined alternative multi-casting on [225.0.0.222:34997]...

[Physics::Module] Initialized MultithreadedJobDispatcher with {0} workers.
Refreshing native plugins compatible for Editor in 84.96 ms, found 4 plugins.
Preloading 0 native plugins for Editor in 0.00 ms.
Initialize engine version: 2021.3.33f1 (ee5a2aa03ab2)
[Subsystems] Discovering subsystems at path D:/Unity/2021.3.33f1/Editor/Data/Resources/UnitySubsystems
[Subsystems] Discovering subsystems at path C:/Users/gbara/repos/Shmestiny/Assets
GfxDevice: creating device client; threaded=0; jobified=0
Direct3D:
    Version:  Direct3D 11.0 [level 11.1]
    Renderer: NVIDIA GeForce RTX 4070 (ID=0x2786)
    Vendor:   NVIDIA
    VRAM:     12026 MB
    Driver:   31.0.15.4617
Initialize mono
Mono path[0] = 'D:/Unity/2021.3.33f1/Editor/Data/Managed'
Mono path[1] = 'D:/Unity/2021.3.33f1/Editor/Data/MonoBleedingEdge/lib/mono/unityjit-win32'
Mono config path = 'D:/Unity/2021.3.33f1/Editor/Data/MonoBleedingEdge/etc'
Using monoOptions --debugger-agent=transport=dt_socket,embedding=1,server=y,suspend=n,address=127.0.0.1:56688
Begin MonoManager ReloadAssembly
Registering precompiled unity dll's ...
Register platform support module: D:/Unity/2021.3.33f1/Editor/Data/PlaybackEngines/WindowsStandaloneSupport/UnityEditor.WindowsStandalone.Extensions.dll
Registered in 0.001314 seconds.
Native extension for WindowsStandalone target not found
Refreshing native plugins compatible for Editor in 73.81 ms, found 4 plugins.
Preloading 0 native plugins for Editor in 0.00 ms.
Mono: successfully reloaded assembly
- Completed reload, in  0.395 seconds
Domain Reload Profiling:
	ReloadAssembly (395ms)
		BeginReloadAssembly (64ms)
			ExecutionOrderSort (0ms)
			DisableScriptedObjects (0ms)
			BackupInstance (0ms)
			ReleaseScriptingObjects (0ms)
			CreateAndSetChildDomain (0ms)
		EndReloadAssembly (285ms)
			LoadAssemblies (64ms)
			RebuildTransferFunctionScriptingTraits (0ms)
			SetupTypeCache (58ms)
			ReleaseScriptCaches (0ms)
			RebuildScriptCaches (15ms)
			SetupLoadedEditorAssemblies (190ms)
				LogAssemblyErrors (0ms)
				InitializePlatformSupportModulesInManaged (4ms)
				SetLoadedEditorAssemblies (0ms)
				RefreshPlugins (74ms)
				BeforeProcessingInitializeOnLoad (1ms)
				ProcessInitializeOnLoadAttributes (86ms)
				ProcessInitializeOnLoadMethodAttributes (26ms)
				AfterProcessingInitializeOnLoad (0ms)
				EditorAssembliesLoaded (0ms)
			ExecutionOrderSort2 (0ms)
			AwakeInstancesAfterBackupRestoration (0ms)
Platform modules already initialized, skipping
Registering precompiled user dll's ...
Registered in 0.007157 seconds.
Begin MonoManager ReloadAssembly
Symbol file LoadedFromMemory is not a mono symbol file
Native extension for WindowsStandalone target not found
Refreshing native plugins compatible for Editor in 81.52 ms, found 4 plugins.
Preloading 0 native plugins for Editor in 0.00 ms.
Package Manager log level set to [2]
[Package Manager] Server::EnsureServerProcessIsRunning -- launch failed, reason: Unity was launched with the -noUpm command-line argument
[Package Manager] Cannot connect to Unity Package Manager local server
Mono: successfully reloaded assembly
- Completed reload, in  1.131 seconds
Domain Reload Profiling:
	ReloadAssembly (1132ms)
		BeginReloadAssembly (79ms)
			ExecutionOrderSort (0ms)
			DisableScriptedObjects (3ms)
			BackupInstance (0ms)
			ReleaseScriptingObjects (0ms)
			CreateAndSetChildDomain (13ms)
		EndReloadAssembly (994ms)
			LoadAssemblies (78ms)
			RebuildTransferFunctionScriptingTraits (0ms)
			SetupTypeCache (154ms)
			ReleaseScriptCaches (1ms)
			RebuildScriptCaches (33ms)
			SetupLoadedEditorAssemblies (721ms)
				LogAssemblyErrors (0ms)
				InitializePlatformSupportModulesInManaged (2ms)
				SetLoadedEditorAssemblies (0ms)
				RefreshPlugins (82ms)
				BeforeProcessingInitializeOnLoad (92ms)
				ProcessInitializeOnLoadAttributes (517ms)
				ProcessInitializeOnLoadMethodAttributes (26ms)
				AfterProcessingInitializeOnLoad (2ms)
				EditorAssembliesLoaded (0ms)
			ExecutionOrderSort2 (0ms)
			AwakeInstancesAfterBackupRestoration (4ms)
Platform modules already initialized, skipping
========================================================================
Worker process is ready to serve import requests
Launched and connected shader compiler UnityShaderCompiler.exe after 0.04 seconds
Refreshing native plugins compatible for Editor in 0.78 ms, found 4 plugins.
Preloading 0 native plugins for Editor in 0.00 ms.
Unloading 5557 Unused Serialized files (Serialized files now loaded: 0)
Unloading 47 unused Assets / (46.4 KB). Loaded Objects now: 6011.
Memory consumption went from 200.3 MB to 200.2 MB.
Total: 2.604500 ms (FindLiveObjects: 0.295900 ms CreateObjectMapping: 0.099200 ms MarkObjects: 2.157100 ms  DeleteObjects: 0.051700 ms)

AssetImportParameters requested are different than current active one (requested -> active):
  custom:video-decoder-ogg-theora: a1e56fd34408186e4bbccfd4996cb3dc -> 
  custom:container-muxer-webm: aa71ff27fc2769a1b78a27578f13a17b -> 
  custom:container-demuxer-webm: 4f35f7cbe854078d1ac9338744f61a02 -> 
  custom:video-encoder-webm-vp8: eb34c28f22e8b96e1ab97ce403110664 -> 
  custom:video-codec-MediaFoundation-h265: 746d11721c4dcdbdad8f713fa42b33f4 -> 
  custom:CustomObjectIndexerAttribute: bc11b3a6c3213fcdd17b65e7da85e133 -> 
  custom:audio-encoder-webm-vorbis: bf7c407c2cedff20999df2af8eb42d56 -> 
  custom:framework-win-MediaFoundation: 216162199b28c13a410421893ffa2e32 -> 
  custom:SearchIndexIgnoredProperties: e643bd26f0fe6173181afceb89e7c659 -> 
  custom:container-demuxer-ogg: 62fdf1f143b41e24485cea50d1cbac27 -> 
  custom:video-decoder-webm-vp8: 9c59270c3fd7afecdb556c50c9e8de78 -> 
  custom:audio-decoder-ogg-vorbis: bf7c407c2cedff20999df2af8eb42d56 -> 
========================================================================
Received Import Request.
  Time since last request: 990845.161265 seconds.
  path: Assets/Tiny Swords/UI
  artifactKey: Guid(54073c94e6dac424d87de15ed51f93de) Importer(815301076,1909f56bfc062723c751e8b465ee728b)
Number of updated assets reloaded before import = 0
Start importing Assets/Tiny Swords/UI using Guid(54073c94e6dac424d87de15ed51f93de) Importer(815301076,1909f56bfc062723c751e8b465ee728b)  -> (artifact id: 'cbd815a30f06287a5f201988e0be2a12') in 0.012214 seconds 
Number of asset objects unloaded after import = 0
========================================================================
Received Import Request.
  Time since last request: 3.129680 seconds.
  path: Assets/Tiny Swords/Resources
  artifactKey: Guid(2696c758e4822cb4da12c0bf2357352d) Importer(815301076,1909f56bfc062723c751e8b465ee728b)
Number of updated assets reloaded before import = 0
Start importing Assets/Tiny Swords/Resources using Guid(2696c758e4822cb4da12c0bf2357352d) Importer(815301076,1909f56bfc062723c751e8b465ee728b)  -> (artifact id: '2eb3a29c64451aa95e9441cdae8c0de6') in 0.005463 seconds 
Number of asset objects unloaded after import = 0
========================================================================
Received Import Request.
  Time since last request: 2.074885 seconds.
  path: Assets/Tiny Swords/Resources/Trees
  artifactKey: Guid(3887a0fb78d785f4db63386cbfb45e2b) Importer(815301076,1909f56bfc062723c751e8b465ee728b)
Number of updated assets reloaded before import = 0
Start importing Assets/Tiny Swords/Resources/Trees using Guid(3887a0fb78d785f4db63386cbfb45e2b) Importer(815301076,1909f56bfc062723c751e8b465ee728b)  -> (artifact id: 'ca5ffaf98a1071795d26bcb120c0cde0') in 0.005521 seconds 
Number of asset objects unloaded after import = 0
========================================================================
Received Import Request.
  Time since last request: 0.514749 seconds.
  path: Assets/Tiny Swords/Resources/Trees/Tree.aseprite
  artifactKey: Guid(24e3cf73d16fe73489ce0c3b4edfd7fe) Importer(815301076,1909f56bfc062723c751e8b465ee728b)
Number of updated assets reloaded before import = 0
Start importing Assets/Tiny Swords/Resources/Trees/Tree.aseprite using Guid(24e3cf73d16fe73489ce0c3b4edfd7fe) Importer(815301076,1909f56bfc062723c751e8b465ee728b)  -> (artifact id: '92ef896e48628febf00bc149ddfedf2d') in 0.308210 seconds 
Number of asset objects unloaded after import = 25
========================================================================
Received Import Request.
  Time since last request: 30.996074 seconds.
  path: Assets/Tiny Swords/Resources/Resources
  artifactKey: Guid(db5404cb7180b3c409f00fc731714ea1) Importer(815301076,1909f56bfc062723c751e8b465ee728b)
Number of updated assets reloaded before import = 0
Start importing Assets/Tiny Swords/Resources/Resources using Guid(db5404cb7180b3c409f00fc731714ea1) Importer(815301076,1909f56bfc062723c751e8b465ee728b)  -> (artifact id: '3cdcb5045b874fdf407a7ab2c9063ee3') in 0.001571 seconds 
Number of asset objects unloaded after import = 0
========================================================================
Received Import Request.
  Time since last request: 0.059288 seconds.
  path: Assets/Tiny Swords/Resources/Resources/G_Idle.png
  artifactKey: Guid(dc94554b9a2eb404a873f664285815a9) Importer(815301076,1909f56bfc062723c751e8b465ee728b)
Number of updated assets reloaded before import = 0
Start importing Assets/Tiny Swords/Resources/Resources/G_Idle.png using Guid(dc94554b9a2eb404a873f664285815a9) Importer(815301076,1909f56bfc062723c751e8b465ee728b)  -> (artifact id: '8a68aed64b6d32e9558a6c291aa685a4') in 0.043228 seconds 
Number of asset objects unloaded after import = 3
========================================================================
Received Import Request.
  Time since last request: 0.000012 seconds.
  path: Assets/Tiny Swords/Resources/Resources/Resources.aseprite
  artifactKey: Guid(6d8a6162a2913874a8c0618eb4d515d4) Importer(815301076,1909f56bfc062723c751e8b465ee728b)
Number of updated assets reloaded before import = 0
Start importing Assets/Tiny Swords/Resources/Resources/Resources.aseprite using Guid(6d8a6162a2913874a8c0618eb4d515d4) Importer(815301076,1909f56bfc062723c751e8b465ee728b)  -> (artifact id: '31d46e9f1ac9143654c5d228f1ad7e87') in 0.115651 seconds 
Number of asset objects unloaded after import = 51
========================================================================
Received Import Request.
  Time since last request: 2.783765 seconds.
  path: Assets/Tiny Swords/Resources/Gold Mine
  artifactKey: Guid(fa5bd4f2ba523184cb85b5b142935118) Importer(815301076,1909f56bfc062723c751e8b465ee728b)
Number of updated assets reloaded before import = 0
Start importing Assets/Tiny Swords/Resources/Gold Mine using Guid(fa5bd4f2ba523184cb85b5b142935118) Importer(815301076,1909f56bfc062723c751e8b465ee728b)  -> (artifact id: '6e947d02411ae292870ee861e828f9c7') in 0.006096 seconds 
Number of asset objects unloaded after import = 0
========================================================================
Received Import Request.
  Time since last request: 0.070377 seconds.
  path: Assets/Tiny Swords/Resources/Gold Mine/GoldMine_Active.png
  artifactKey: Guid(96fe30fcc9463f745aea84f716d83ba7) Importer(815301076,1909f56bfc062723c751e8b465ee728b)
Number of updated assets reloaded before import = 0
Start importing Assets/Tiny Swords/Resources/Gold Mine/GoldMine_Active.png using Guid(96fe30fcc9463f745aea84f716d83ba7) Importer(815301076,1909f56bfc062723c751e8b465ee728b)  -> (artifact id: '6f8abb1b56ec295e290606ef05558667') in 0.014433 seconds 
Number of asset objects unloaded after import = 3
========================================================================
Received Import Request.
  Time since last request: 2.100481 seconds.
  path: Assets/Tiny Swords/Resources/Sheep
  artifactKey: Guid(34cb091dae6a8304a97b1553cb90473b) Importer(815301076,1909f56bfc062723c751e8b465ee728b)
Number of updated assets reloaded before import = 0
Start importing Assets/Tiny Swords/Resources/Sheep using Guid(34cb091dae6a8304a97b1553cb90473b) Importer(815301076,1909f56bfc062723c751e8b465ee728b)  -> (artifact id: '4db05f33227041eecb5c09e1d41b09e4') in 0.005873 seconds 
Number of asset objects unloaded after import = 0
========================================================================
Received Import Request.
  Time since last request: 0.074922 seconds.
  path: Assets/Tiny Swords/Resources/Sheep/Happy_Sheep.aseprite
  artifactKey: Guid(820461378492a70449213f220452ec94) Importer(815301076,1909f56bfc062723c751e8b465ee728b)
Number of updated assets reloaded before import = 0
Start importing Assets/Tiny Swords/Resources/Sheep/Happy_Sheep.aseprite using Guid(820461378492a70449213f220452ec94) Importer(815301076,1909f56bfc062723c751e8b465ee728b)  -> (artifact id: '94ba900f619d1a22d73d6d133ac3f357') in 0.027225 seconds 
Number of asset objects unloaded after import = 30
========================================================================
Received Import Request.
  Time since last request: 2.648421 seconds.
  path: Assets/Tiny Swords/Factions
  artifactKey: Guid(1fd401579e51b6a439320e5dd4b86855) Importer(815301076,1909f56bfc062723c751e8b465ee728b)
Number of updated assets reloaded before import = 0
Start importing Assets/Tiny Swords/Factions using Guid(1fd401579e51b6a439320e5dd4b86855) Importer(815301076,1909f56bfc062723c751e8b465ee728b)  -> (artifact id: 'e40260a21970c0f7eadcbcebab487a4f') in 0.005275 seconds 
Number of asset objects unloaded after import = 0
========================================================================
Received Import Request.
  Time since last request: 1.421909 seconds.
  path: Assets/Tiny Swords/Factions/Knights
  artifactKey: Guid(f44dba0ab7bbb8c4c84b2c2bdef2bb93) Importer(815301076,1909f56bfc062723c751e8b465ee728b)
Number of updated assets reloaded before import = 0
Start importing Assets/Tiny Swords/Factions/Knights using Guid(f44dba0ab7bbb8c4c84b2c2bdef2bb93) Importer(815301076,1909f56bfc062723c751e8b465ee728b)  -> (artifact id: '5c8bb13b8f4b610f82133ff896ff18e9') in 0.005690 seconds 
Number of asset objects unloaded after import = 0
========================================================================
Received Import Request.
  Time since last request: 1.350888 seconds.
  path: Assets/Tiny Swords/Factions/Knights/Troops
  artifactKey: Guid(12b5b9215b6bfb94296168020841c5b1) Importer(815301076,1909f56bfc062723c751e8b465ee728b)
Number of updated assets reloaded before import = 0
Start importing Assets/Tiny Swords/Factions/Knights/Troops using Guid(12b5b9215b6bfb94296168020841c5b1) Importer(815301076,1909f56bfc062723c751e8b465ee728b)  -> (artifact id: '649137ed143b1d9c77630b65639aa8df') in 0.005233 seconds 
Number of asset objects unloaded after import = 0
========================================================================
Received Import Request.
  Time since last request: 2.363626 seconds.
  path: Assets/Tiny Swords/Factions/Knights/Troops/Pawn
  artifactKey: Guid(c6d898ec8efd2b44199a1475308953a8) Importer(815301076,1909f56bfc062723c751e8b465ee728b)
Number of updated assets reloaded before import = 0
Start importing Assets/Tiny Swords/Factions/Knights/Troops/Pawn using Guid(c6d898ec8efd2b44199a1475308953a8) Importer(815301076,1909f56bfc062723c751e8b465ee728b)  -> (artifact id: 'aa02990991117a58a0823932e73b2da4') in 0.005288 seconds 
Number of asset objects unloaded after import = 0
========================================================================
Received Import Request.
  Time since last request: 1.593783 seconds.
  path: Assets/Tiny Swords/Factions/Knights/Troops/Pawn/Blue
  artifactKey: Guid(30572ac9770220c4ca4a3fe7957b34c5) Importer(815301076,1909f56bfc062723c751e8b465ee728b)
Number of updated assets reloaded before import = 0
Start importing Assets/Tiny Swords/Factions/Knights/Troops/Pawn/Blue using Guid(30572ac9770220c4ca4a3fe7957b34c5) Importer(815301076,1909f56bfc062723c751e8b465ee728b)  -> (artifact id: 'ff1c4a39378156ad08ddc50ec6943353') in 0.005140 seconds 
Number of asset objects unloaded after import = 0
========================================================================
Received Import Request.
  Time since last request: 0.070279 seconds.
  path: Assets/Tiny Swords/Factions/Knights/Troops/Pawn/Blue/Pawn_Blue.aseprite
  artifactKey: Guid(9cfabddbb05a063419a9a1a520525dc4) Importer(815301076,1909f56bfc062723c751e8b465ee728b)
Number of updated assets reloaded before import = 0
Start importing Assets/Tiny Swords/Factions/Knights/Troops/Pawn/Blue/Pawn_Blue.aseprite using Guid(9cfabddbb05a063419a9a1a520525dc4) Importer(815301076,1909f56bfc062723c751e8b465ee728b)  -> (artifact id: '11f41658b212e9ceb14bc3127fd28cac') in 0.053765 seconds 
Number of asset objects unloaded after import = 62
========================================================================
Received Import Request.
  Time since last request: 67.716862 seconds.
  path: Assets/Tiny Swords/Terrain/Ground/Tilemap_Flat.png
  artifactKey: Guid(1f602f233f8605c4099731c6c1dfd414) Importer(815301076,1909f56bfc062723c751e8b465ee728b)
Number of updated assets reloaded before import = 0
Start importing Assets/Tiny Swords/Terrain/Ground/Tilemap_Flat.png using Guid(1f602f233f8605c4099731c6c1dfd414) Importer(815301076,1909f56bfc062723c751e8b465ee728b)  -> (artifact id: 'c8e149165e28b5df8c23bf710fc4ad7f') in 0.010451 seconds 
Number of asset objects unloaded after import = 2
========================================================================
Received Import Request.
  Time since last request: 3.091222 seconds.
  path: Assets/Tiny Swords/Terrain/Ground/Tilemap_Flat.png
  artifactKey: Guid(1f602f233f8605c4099731c6c1dfd414) Importer(815301076,1909f56bfc062723c751e8b465ee728b)
Number of updated assets reloaded before import = 0
Start importing Assets/Tiny Swords/Terrain/Ground/Tilemap_Flat.png using Guid(1f602f233f8605c4099731c6c1dfd414) Importer(815301076,1909f56bfc062723c751e8b465ee728b)  -> (artifact id: '02668877db663ec891dcc131918ea55d') in 0.009554 seconds 
Number of asset objects unloaded after import = 2
========================================================================
Received Import Request.
  Time since last request: 16.854605 seconds.
  path: Assets/Tiny Swords/Terrain/Ground/Tilemap_Flat.png
  artifactKey: Guid(1f602f233f8605c4099731c6c1dfd414) Importer(815301076,1909f56bfc062723c751e8b465ee728b)
Number of updated assets reloaded before import = 0
Start importing Assets/Tiny Swords/Terrain/Ground/Tilemap_Flat.png using Guid(1f602f233f8605c4099731c6c1dfd414) Importer(815301076,1909f56bfc062723c751e8b465ee728b)  -> (artifact id: 'bd011d5355e71d66632c2bf53f220bc9') in 0.006810 seconds 
Number of asset objects unloaded after import = 2
========================================================================
Received Import Request.
  Time since last request: 28.268679 seconds.
  path: Assets/Tiny Swords/Terrain/Ground/Tilemap_Flat.png
  artifactKey: Guid(1f602f233f8605c4099731c6c1dfd414) Importer(815301076,1909f56bfc062723c751e8b465ee728b)
Number of updated assets reloaded before import = 0
Start importing Assets/Tiny Swords/Terrain/Ground/Tilemap_Flat.png using Guid(1f602f233f8605c4099731c6c1dfd414) Importer(815301076,1909f56bfc062723c751e8b465ee728b)  -> (artifact id: '8a369ef7e9b3481c196641e0bf386e32') in 0.064973 seconds 
Number of asset objects unloaded after import = 36
========================================================================
Received Import Request.
  Time since last request: 53.536059 seconds.
  path: Assets/Tilesets/TinySwords_Tilemap_Floor.prefab
  artifactKey: Guid(6e5e16451c80fc94f9438cb683e8f9fa) Importer(815301076,1909f56bfc062723c751e8b465ee728b)
Number of updated assets reloaded before import = 0
Start importing Assets/Tilesets/TinySwords_Tilemap_Floor.prefab using Guid(6e5e16451c80fc94f9438cb683e8f9fa) Importer(815301076,1909f56bfc062723c751e8b465ee728b)  -> (artifact id: 'e3ac8cdf8c99f3ca499545c7bddb1807') in 0.013719 seconds 
Number of asset objects unloaded after import = 10
========================================================================
Received Import Request.
  Time since last request: 53.802214 seconds.
  path: Assets/Tilesets/TinyKnights_Tilemap_Floor/Tilemap_Flat_0.asset
  artifactKey: Guid(5fc58880c86cc3f45b89e4a7c8ac56ac) Importer(815301076,1909f56bfc062723c751e8b465ee728b)
Number of updated assets reloaded before import = 0
Start importing Assets/Tilesets/TinyKnights_Tilemap_Floor/Tilemap_Flat_0.asset using Guid(5fc58880c86cc3f45b89e4a7c8ac56ac) Importer(815301076,1909f56bfc062723c751e8b465ee728b)  -> (artifact id: 'bfdf98d7df10ad6b7b711db80b133a2f') in 0.013185 seconds 
Number of asset objects unloaded after import = 3
========================================================================
Received Import Request.
  Time since last request: 0.000014 seconds.
  path: Assets/Tilesets/TinyKnights_Tilemap_Floor/Tilemap_Flat_3.asset
  artifactKey: Guid(ff6ada6bc538cc64cb51e2c125fd09ac) Importer(815301076,1909f56bfc062723c751e8b465ee728b)
Number of updated assets reloaded before import = 0
Start importing Assets/Tilesets/TinyKnights_Tilemap_Floor/Tilemap_Flat_3.asset using Guid(ff6ada6bc538cc64cb51e2c125fd09ac) Importer(815301076,1909f56bfc062723c751e8b465ee728b)  -> (artifact id: '347c18a0500206527f87c357340efeaa') in 0.009317 seconds 
Number of asset objects unloaded after import = 3
========================================================================
Received Import Request.
  Time since last request: 0.000012 seconds.
  path: Assets/Tilesets/TinyKnights_Tilemap_Floor/Tilemap_Flat_5.asset
  artifactKey: Guid(9ee13f2a6fa3127488f0ca239db437eb) Importer(815301076,1909f56bfc062723c751e8b465ee728b)
Number of updated assets reloaded before import = 0
Start importing Assets/Tilesets/TinyKnights_Tilemap_Floor/Tilemap_Flat_5.asset using Guid(9ee13f2a6fa3127488f0ca239db437eb) Importer(815301076,1909f56bfc062723c751e8b465ee728b)  -> (artifact id: 'abdf5dab25323e7a49d1ee349386ef89') in 0.010110 seconds 
Number of asset objects unloaded after import = 3
========================================================================
Received Import Request.
  Time since last request: 0.000039 seconds.
  path: Assets/Tilesets/TinyKnights_Tilemap_Floor/Tilemap_Flat_23.asset
  artifactKey: Guid(c6b57e102155c5a43bde9bd1a8d5b045) Importer(815301076,1909f56bfc062723c751e8b465ee728b)
Number of updated assets reloaded before import = 0
Start importing Assets/Tilesets/TinyKnights_Tilemap_Floor/Tilemap_Flat_23.asset using Guid(c6b57e102155c5a43bde9bd1a8d5b045) Importer(815301076,1909f56bfc062723c751e8b465ee728b)  -> (artifact id: '80f5cb9ea5f4a85de9f535c760fc3d80') in 0.008136 seconds 
Number of asset objects unloaded after import = 3
========================================================================
Received Import Request.
  Time since last request: 0.000015 seconds.
  path: Assets/Tilesets/TinyKnights_Tilemap_Floor/Tilemap_Flat_20.asset
  artifactKey: Guid(5ec467ceb92553b4bb5080024e7d5b09) Importer(815301076,1909f56bfc062723c751e8b465ee728b)
Number of updated assets reloaded before import = 0
Start importing Assets/Tilesets/TinyKnights_Tilemap_Floor/Tilemap_Flat_20.asset using Guid(5ec467ceb92553b4bb5080024e7d5b09) Importer(815301076,1909f56bfc062723c751e8b465ee728b)  -> (artifact id: 'ffc475c93d538649bcc16cbaccb0f06b') in 0.008719 seconds 
Number of asset objects unloaded after import = 3
========================================================================
Received Import Request.
  Time since last request: 0.000014 seconds.
  path: Assets/Tilesets/TinyKnights_Tilemap_Floor/Tilemap_Flat_2.asset
  artifactKey: Guid(dfe67768ed3508240b7785ec169d1531) Importer(815301076,1909f56bfc062723c751e8b465ee728b)
Number of updated assets reloaded before import = 0
Start importing Assets/Tilesets/TinyKnights_Tilemap_Floor/Tilemap_Flat_2.asset using Guid(dfe67768ed3508240b7785ec169d1531) Importer(815301076,1909f56bfc062723c751e8b465ee728b)  -> (artifact id: 'f0e0b10a62679660491c6000ecbcd3ad') in 0.010866 seconds 
Number of asset objects unloaded after import = 3
========================================================================
Received Import Request.
  Time since last request: 0.000010 seconds.
  path: Assets/Tilesets/TinyKnights_Tilemap_Floor/Tilemap_Flat_16.asset
  artifactKey: Guid(e6042cc51f2c4e8429f05ec3b49bfe3b) Importer(815301076,1909f56bfc062723c751e8b465ee728b)
Number of updated assets reloaded before import = 0
Start importing Assets/Tilesets/TinyKnights_Tilemap_Floor/Tilemap_Flat_16.asset using Guid(e6042cc51f2c4e8429f05ec3b49bfe3b) Importer(815301076,1909f56bfc062723c751e8b465ee728b)  -> (artifact id: 'b91ceadbf6599b5d6eec61240f3722a9') in 0.008156 seconds 
Number of asset objects unloaded after import = 3
========================================================================
Received Import Request.
  Time since last request: 0.000013 seconds.
  path: Assets/Tilesets/TinyKnights_Tilemap_Floor/Tilemap_Flat_32.asset
  artifactKey: Guid(c0e465942cd51fc43a2f85b6db49ec79) Importer(815301076,1909f56bfc062723c751e8b465ee728b)
Number of updated assets reloaded before import = 0
Start importing Assets/Tilesets/TinyKnights_Tilemap_Floor/Tilemap_Flat_32.asset using Guid(c0e465942cd51fc43a2f85b6db49ec79) Importer(815301076,1909f56bfc062723c751e8b465ee728b)  -> (artifact id: '22eb80aaf4c89c05b774654ef93d595d') in 0.008616 seconds 
Number of asset objects unloaded after import = 3
========================================================================
Received Import Request.
  Time since last request: 0.000014 seconds.
  path: Assets/Tilesets/TinyKnights_Tilemap_Floor/Tilemap_Flat_10.asset
  artifactKey: Guid(f9fa7b34400dd934695a1c71e09a7bd6) Importer(815301076,1909f56bfc062723c751e8b465ee728b)
Number of updated assets reloaded before import = 0
Start importing Assets/Tilesets/TinyKnights_Tilemap_Floor/Tilemap_Flat_10.asset using Guid(f9fa7b34400dd934695a1c71e09a7bd6) Importer(815301076,1909f56bfc062723c751e8b465ee728b)  -> (artifact id: 'fe47ecd8d6e05cb5e2c6cb065d0bbc3b') in 0.016408 seconds 
Number of asset objects unloaded after import = 3
========================================================================
Received Import Request.
  Time since last request: 0.000019 seconds.
  path: Assets/Tilesets/TinyKnights_Tilemap_Floor/Tilemap_Flat_24.asset
  artifactKey: Guid(a73c161dbe6cd2d4d9851d0582f124eb) Importer(815301076,1909f56bfc062723c751e8b465ee728b)
Number of updated assets reloaded before import = 0
Start importing Assets/Tilesets/TinyKnights_Tilemap_Floor/Tilemap_Flat_24.asset using Guid(a73c161dbe6cd2d4d9851d0582f124eb) Importer(815301076,1909f56bfc062723c751e8b465ee728b)  -> (artifact id: '3e4d10ea597e3918d7c89cdd2bdd97e7') in 0.007832 seconds 
Number of asset objects unloaded after import = 3
========================================================================
Received Import Request.
  Time since last request: 0.000022 seconds.
  path: Assets/Tilesets/TinyKnights_Tilemap_Floor/Tilemap_Flat_4.asset
  artifactKey: Guid(fc5741eb1bbde64459b54e18c010004c) Importer(815301076,1909f56bfc062723c751e8b465ee728b)
Number of updated assets reloaded before import = 0
Start importing Assets/Tilesets/TinyKnights_Tilemap_Floor/Tilemap_Flat_4.asset using Guid(fc5741eb1bbde64459b54e18c010004c) Importer(815301076,1909f56bfc062723c751e8b465ee728b)  -> (artifact id: '0b6d9d0529b8454c491c0595162bef2f') in 0.009624 seconds 
Number of asset objects unloaded after import = 3
========================================================================
Received Import Request.
  Time since last request: 0.000015 seconds.
  path: Assets/Tilesets/TinyKnights_Tilemap_Floor/Tilemap_Flat_26.asset
  artifactKey: Guid(9063c21fa19ad5a4a9ea6087bc2f0b7c) Importer(815301076,1909f56bfc062723c751e8b465ee728b)
Number of updated assets reloaded before import = 0
Start importing Assets/Tilesets/TinyKnights_Tilemap_Floor/Tilemap_Flat_26.asset using Guid(9063c21fa19ad5a4a9ea6087bc2f0b7c) Importer(815301076,1909f56bfc062723c751e8b465ee728b)  -> (artifact id: '826bf0f54fd3f9e97fbac6ed9c5c1f92') in 0.008443 seconds 
Number of asset objects unloaded after import = 3
========================================================================
Received Import Request.
  Time since last request: 0.000014 seconds.
  path: Assets/Tilesets/TinyKnights_Tilemap_Floor/Tilemap_Flat_12.asset
  artifactKey: Guid(4a04e6290c54a864ea06e15b6b5cb01e) Importer(815301076,1909f56bfc062723c751e8b465ee728b)
Number of updated assets reloaded before import = 0
Start importing Assets/Tilesets/TinyKnights_Tilemap_Floor/Tilemap_Flat_12.asset using Guid(4a04e6290c54a864ea06e15b6b5cb01e) Importer(815301076,1909f56bfc062723c751e8b465ee728b)  -> (artifact id: 'cb55142f7b5f2545ef96d9c62d9c0c54') in 0.007605 seconds 
Number of asset objects unloaded after import = 3
========================================================================
Received Import Request.
  Time since last request: 0.000013 seconds.
  path: Assets/Tilesets/TinyKnights_Tilemap_Floor/Tilemap_Flat_7.asset
  artifactKey: Guid(977938c35d18ee34d8847c3307c762b9) Importer(815301076,1909f56bfc062723c751e8b465ee728b)
Number of updated assets reloaded before import = 0
Start importing Assets/Tilesets/TinyKnights_Tilemap_Floor/Tilemap_Flat_7.asset using Guid(977938c35d18ee34d8847c3307c762b9) Importer(815301076,1909f56bfc062723c751e8b465ee728b)  -> (artifact id: '6d49908f7c1cebda4b77327b8bbc16cc') in 0.007882 seconds 
Number of asset objects unloaded after import = 3
========================================================================
Received Import Request.
  Time since last request: 0.000014 seconds.
  path: Assets/Tilesets/TinyKnights_Tilemap_Floor/Tilemap_Flat_19.asset
  artifactKey: Guid(f75cba092250aa74c9ddb482385b8fa4) Importer(815301076,1909f56bfc062723c751e8b465ee728b)
Number of updated assets reloaded before import = 0
Start importing Assets/Tilesets/TinyKnights_Tilemap_Floor/Tilemap_Flat_19.asset using Guid(f75cba092250aa74c9ddb482385b8fa4) Importer(815301076,1909f56bfc062723c751e8b465ee728b)  -> (artifact id: '012746b31507dbc5bb67726d9cda7880') in 0.010636 seconds 
Number of asset objects unloaded after import = 3
========================================================================
Received Import Request.
  Time since last request: 0.000014 seconds.
  path: Assets/Tilesets/TinyKnights_Tilemap_Floor/Tilemap_Flat_33.asset
  artifactKey: Guid(8a2bdefb51d2ca44b878465f6efaf609) Importer(815301076,1909f56bfc062723c751e8b465ee728b)
Number of updated assets reloaded before import = 0
Start importing Assets/Tilesets/TinyKnights_Tilemap_Floor/Tilemap_Flat_33.asset using Guid(8a2bdefb51d2ca44b878465f6efaf609) Importer(815301076,1909f56bfc062723c751e8b465ee728b)  -> (artifact id: '3fb9b1c45ad633502cbcfa38e1056ced') in 0.008622 seconds 
Number of asset objects unloaded after import = 3
========================================================================
Received Import Request.
  Time since last request: 0.000014 seconds.
  path: Assets/Tilesets/TinyKnights_Tilemap_Floor/Tilemap_Flat_11.asset
  artifactKey: Guid(df4b62062a2263448b24ced26c8eaf5f) Importer(815301076,1909f56bfc062723c751e8b465ee728b)
Number of updated assets reloaded before import = 0
Start importing Assets/Tilesets/TinyKnights_Tilemap_Floor/Tilemap_Flat_11.asset using Guid(df4b62062a2263448b24ced26c8eaf5f) Importer(815301076,1909f56bfc062723c751e8b465ee728b)  -> (artifact id: '1c5a6a6d7e907740e519a0f75f84481f') in 0.009498 seconds 
Number of asset objects unloaded after import = 3
========================================================================
Received Import Request.
  Time since last request: 0.822368 seconds.
  path: Assets/Tilesets/TinySwords_Tilemap_Floor.prefab
  artifactKey: Guid(6e5e16451c80fc94f9438cb683e8f9fa) Importer(815301076,1909f56bfc062723c751e8b465ee728b)
Number of updated assets reloaded before import = 0
Start importing Assets/Tilesets/TinySwords_Tilemap_Floor.prefab using Guid(6e5e16451c80fc94f9438cb683e8f9fa) Importer(815301076,1909f56bfc062723c751e8b465ee728b)  -> (artifact id: '4052ccee2d4f0fb596994471e94db7a0') in 0.015896 seconds 
Number of asset objects unloaded after import = 79
========================================================================
Received Import Request.
  Time since last request: 2.199781 seconds.
  path: Assets/Tilesets/TinyKnights_Tilemap_Floor
  artifactKey: Guid(39dd49fdd6501164cb9a0f55cc8b775c) Importer(815301076,1909f56bfc062723c751e8b465ee728b)
Number of updated assets reloaded before import = 0
Start importing Assets/Tilesets/TinyKnights_Tilemap_Floor using Guid(39dd49fdd6501164cb9a0f55cc8b775c) Importer(815301076,1909f56bfc062723c751e8b465ee728b)  -> (artifact id: '362771df12d22f00eb39777f86c39850') in 0.005295 seconds 
Number of asset objects unloaded after import = 0
========================================================================
Received Import Request.
  Time since last request: 165.526908 seconds.
  path: Assets/Tiny Swords/Factions/Knights/Troops/Pawn/Red
  artifactKey: Guid(bf34b8b3774e5a64db48897547924a28) Importer(815301076,1909f56bfc062723c751e8b465ee728b)
Number of updated assets reloaded before import = 0
Start importing Assets/Tiny Swords/Factions/Knights/Troops/Pawn/Red using Guid(bf34b8b3774e5a64db48897547924a28) Importer(815301076,1909f56bfc062723c751e8b465ee728b)  -> (artifact id: '39b3bdc072e14479cd6a79824b430bf1') in 0.006277 seconds 
Number of asset objects unloaded after import = 0
========================================================================
Received Import Request.
  Time since last request: 0.065177 seconds.
  path: Assets/Tiny Swords/Factions/Knights/Troops/Pawn/Red/Pawn_Red.aseprite
  artifactKey: Guid(0b0d5b0c8be50b043a93735062be7e74) Importer(815301076,1909f56bfc062723c751e8b465ee728b)
Number of updated assets reloaded before import = 0
Start importing Assets/Tiny Swords/Factions/Knights/Troops/Pawn/Red/Pawn_Red.aseprite using Guid(0b0d5b0c8be50b043a93735062be7e74) Importer(815301076,1909f56bfc062723c751e8b465ee728b)  -> (artifact id: '685d231233c59b9a6cd36a692645f8c9') in 0.066450 seconds 
Number of asset objects unloaded after import = 62
========================================================================
Received Import Request.
  Time since last request: 59.538723 seconds.
  path: Assets/Prefabs
  artifactKey: Guid(eecc2a31add9aa9419548acafbc0c613) Importer(815301076,1909f56bfc062723c751e8b465ee728b)
Number of updated assets reloaded before import = 0
Start importing Assets/Prefabs using Guid(eecc2a31add9aa9419548acafbc0c613) Importer(815301076,1909f56bfc062723c751e8b465ee728b)  -> (artifact id: '550a6e698faeb5e8336a77477a8d2f6d') in 0.005511 seconds 
Number of asset objects unloaded after import = 0
========================================================================
Received Import Request.
  Time since last request: 22.795284 seconds.
  path: Assets/Prefabs/DefaultPlayer.prefab
  artifactKey: Guid(ece4183ad88ff0541b6d0ce6b939a789) Importer(815301076,1909f56bfc062723c751e8b465ee728b)
Number of updated assets reloaded before import = 0
Start importing Assets/Prefabs/DefaultPlayer.prefab using Guid(ece4183ad88ff0541b6d0ce6b939a789) Importer(815301076,1909f56bfc062723c751e8b465ee728b)  -> (artifact id: '3692be8464004cd4677914c6185e8f3a') in 0.011481 seconds 
Number of asset objects unloaded after import = 62
========================================================================
Received Import Request.
  Time since last request: 84.704625 seconds.
  path: Assets/Prefabs/DefaultPlayer.prefab
  artifactKey: Guid(ece4183ad88ff0541b6d0ce6b939a789) Importer(815301076,1909f56bfc062723c751e8b465ee728b)
Number of updated assets reloaded before import = 0
Start importing Assets/Prefabs/DefaultPlayer.prefab using Guid(ece4183ad88ff0541b6d0ce6b939a789) Importer(815301076,1909f56bfc062723c751e8b465ee728b)  -> (artifact id: '864ec59b562694094594aacf37b96a5b') in 0.008505 seconds 
Number of asset objects unloaded after import = 63
========================================================================
Received Import Request.
  Time since last request: 15.251693 seconds.
  path: Assets/Prefabs/DefaultPlayer.prefab
  artifactKey: Guid(ece4183ad88ff0541b6d0ce6b939a789) Importer(815301076,1909f56bfc062723c751e8b465ee728b)
Number of updated assets reloaded before import = 0
Start importing Assets/Prefabs/DefaultPlayer.prefab using Guid(ece4183ad88ff0541b6d0ce6b939a789) Importer(815301076,1909f56bfc062723c751e8b465ee728b)  -> (artifact id: '385d64ed834ef20e2aa24ba56851910c') in 0.090415 seconds 
Number of asset objects unloaded after import = 63
========================================================================
Received Import Request.
  Time since last request: 11.230640 seconds.
  path: Assets/Prefabs/DefaultPlayer.prefab
  artifactKey: Guid(ece4183ad88ff0541b6d0ce6b939a789) Importer(815301076,1909f56bfc062723c751e8b465ee728b)
Number of updated assets reloaded before import = 0
Start importing Assets/Prefabs/DefaultPlayer.prefab using Guid(ece4183ad88ff0541b6d0ce6b939a789) Importer(815301076,1909f56bfc062723c751e8b465ee728b)  -> (artifact id: '0c22a11aa43ba0b9b7d0bd7c9886afdf') in 0.009247 seconds 
Number of asset objects unloaded after import = 64
========================================================================
Received Import Request.
  Time since last request: 4.303851 seconds.
  path: Assets/Prefabs/DefaultPlayer.prefab
  artifactKey: Guid(ece4183ad88ff0541b6d0ce6b939a789) Importer(815301076,1909f56bfc062723c751e8b465ee728b)
Number of updated assets reloaded before import = 0
Start importing Assets/Prefabs/DefaultPlayer.prefab using Guid(ece4183ad88ff0541b6d0ce6b939a789) Importer(815301076,1909f56bfc062723c751e8b465ee728b)  -> (artifact id: '38cc975142d1932aa6ad780d200ef28b') in 0.008043 seconds 
Number of asset objects unloaded after import = 64
========================================================================
Received Import Request.
  Time since last request: 0.795834 seconds.
  path: Assets/Prefabs/DefaultPlayer.prefab
  artifactKey: Guid(ece4183ad88ff0541b6d0ce6b939a789) Importer(815301076,1909f56bfc062723c751e8b465ee728b)
Number of updated assets reloaded before import = 0
Start importing Assets/Prefabs/DefaultPlayer.prefab using Guid(ece4183ad88ff0541b6d0ce6b939a789) Importer(815301076,1909f56bfc062723c751e8b465ee728b)  -> (artifact id: 'e9c22bacfbc5a5f1d4d14cb46c16cbf1') in 0.031601 seconds 
Number of asset objects unloaded after import = 64
========================================================================
Received Import Request.
  Time since last request: 0.575294 seconds.
  path: Assets/Prefabs/DefaultPlayer.prefab
  artifactKey: Guid(ece4183ad88ff0541b6d0ce6b939a789) Importer(815301076,1909f56bfc062723c751e8b465ee728b)
Number of updated assets reloaded before import = 0
Start importing Assets/Prefabs/DefaultPlayer.prefab using Guid(ece4183ad88ff0541b6d0ce6b939a789) Importer(815301076,1909f56bfc062723c751e8b465ee728b)  -> (artifact id: '1d082d66c4444202910375a37462a341') in 0.026504 seconds 
Number of asset objects unloaded after import = 64
========================================================================
Received Import Request.
  Time since last request: 0.180726 seconds.
  path: Assets/Prefabs/DefaultPlayer.prefab
  artifactKey: Guid(ece4183ad88ff0541b6d0ce6b939a789) Importer(815301076,1909f56bfc062723c751e8b465ee728b)
Number of updated assets reloaded before import = 0
Start importing Assets/Prefabs/DefaultPlayer.prefab using Guid(ece4183ad88ff0541b6d0ce6b939a789) Importer(815301076,1909f56bfc062723c751e8b465ee728b)  -> (artifact id: '74a99a71b9f7eced92e10f0620eac76e') in 0.031684 seconds 
Number of asset objects unloaded after import = 64
========================================================================
Received Import Request.
  Time since last request: 0.563051 seconds.
  path: Assets/Prefabs/DefaultPlayer.prefab
  artifactKey: Guid(ece4183ad88ff0541b6d0ce6b939a789) Importer(815301076,1909f56bfc062723c751e8b465ee728b)
Number of updated assets reloaded before import = 0
Start importing Assets/Prefabs/DefaultPlayer.prefab using Guid(ece4183ad88ff0541b6d0ce6b939a789) Importer(815301076,1909f56bfc062723c751e8b465ee728b)  -> (artifact id: '555336f9e86534dcedeaa2def1a1045b') in 0.006354 seconds 
Number of asset objects unloaded after import = 64
========================================================================
Received Import Request.
  Time since last request: 0.395259 seconds.
  path: Assets/Prefabs/DefaultPlayer.prefab
  artifactKey: Guid(ece4183ad88ff0541b6d0ce6b939a789) Importer(815301076,1909f56bfc062723c751e8b465ee728b)
Number of updated assets reloaded before import = 0
Start importing Assets/Prefabs/DefaultPlayer.prefab using Guid(ece4183ad88ff0541b6d0ce6b939a789) Importer(815301076,1909f56bfc062723c751e8b465ee728b)  -> (artifact id: 'abf2ae65005bb27e765d77297fe037c9') in 0.006357 seconds 
Number of asset objects unloaded after import = 64
========================================================================
Received Import Request.
  Time since last request: 0.395434 seconds.
  path: Assets/Prefabs/DefaultPlayer.prefab
  artifactKey: Guid(ece4183ad88ff0541b6d0ce6b939a789) Importer(815301076,1909f56bfc062723c751e8b465ee728b)
Number of updated assets reloaded before import = 0
Start importing Assets/Prefabs/DefaultPlayer.prefab using Guid(ece4183ad88ff0541b6d0ce6b939a789) Importer(815301076,1909f56bfc062723c751e8b465ee728b)  -> (artifact id: '763122f0224dc219bd57e6e7fe41654d') in 0.011023 seconds 
Number of asset objects unloaded after import = 64
========================================================================
Received Import Request.
  Time since last request: 12.449186 seconds.
  path: Assets/Prefabs/DefaultPlayer.prefab
  artifactKey: Guid(ece4183ad88ff0541b6d0ce6b939a789) Importer(815301076,1909f56bfc062723c751e8b465ee728b)
Number of updated assets reloaded before import = 0
Start importing Assets/Prefabs/DefaultPlayer.prefab using Guid(ece4183ad88ff0541b6d0ce6b939a789) Importer(815301076,1909f56bfc062723c751e8b465ee728b)  -> (artifact id: '4d71b8b78b961ac061066e0dd75104ee') in 0.006552 seconds 
Number of asset objects unloaded after import = 65
========================================================================
Received Import Request.
  Time since last request: 5.803136 seconds.
  path: Assets/Prefabs/DefaultPlayer.prefab
  artifactKey: Guid(ece4183ad88ff0541b6d0ce6b939a789) Importer(815301076,1909f56bfc062723c751e8b465ee728b)
Number of updated assets reloaded before import = 0
Start importing Assets/Prefabs/DefaultPlayer.prefab using Guid(ece4183ad88ff0541b6d0ce6b939a789) Importer(815301076,1909f56bfc062723c751e8b465ee728b)  -> (artifact id: 'cc9e7127fb10163d804c0ba8a75bd70e') in 0.006286 seconds 
Number of asset objects unloaded after import = 65
========================================================================
Received Import Request.
  Time since last request: 14.325549 seconds.
  path: Assets/Prefabs/DefaultPlayer.prefab
  artifactKey: Guid(ece4183ad88ff0541b6d0ce6b939a789) Importer(815301076,1909f56bfc062723c751e8b465ee728b)
Number of updated assets reloaded before import = 0
Start importing Assets/Prefabs/DefaultPlayer.prefab using Guid(ece4183ad88ff0541b6d0ce6b939a789) Importer(815301076,1909f56bfc062723c751e8b465ee728b)  -> (artifact id: '2dafa851c88e07ce4d522ff33ce678e5') in 0.011068 seconds 
Number of asset objects unloaded after import = 65
========================================================================
Received Prepare
Registering precompiled user dll's ...
Registered in 0.007765 seconds.
Begin MonoManager ReloadAssembly
Symbol file LoadedFromMemory is not a mono symbol file
Native extension for WindowsStandalone target not found
Refreshing native plugins compatible for Editor in 0.88 ms, found 4 plugins.
Preloading 0 native plugins for Editor in 0.00 ms.
[Package Manager] Server::EnsureServerProcessIsRunning -- launch failed, reason: Unity was launched with the -noUpm command-line argument
[Package Manager] Cannot connect to Unity Package Manager local server
Mono: successfully reloaded assembly
- Completed reload, in  1.101 seconds
Domain Reload Profiling:
	ReloadAssembly (1102ms)
		BeginReloadAssembly (129ms)
			ExecutionOrderSort (0ms)
			DisableScriptedObjects (6ms)
			BackupInstance (0ms)
			ReleaseScriptingObjects (0ms)
			CreateAndSetChildDomain (36ms)
		EndReloadAssembly (910ms)
			LoadAssemblies (90ms)
			RebuildTransferFunctionScriptingTraits (0ms)
			SetupTypeCache (163ms)
			ReleaseScriptCaches (1ms)
			RebuildScriptCaches (33ms)
			SetupLoadedEditorAssemblies (612ms)
				LogAssemblyErrors (0ms)
				InitializePlatformSupportModulesInManaged (3ms)
				SetLoadedEditorAssemblies (0ms)
				RefreshPlugins (1ms)
				BeforeProcessingInitializeOnLoad (65ms)
				ProcessInitializeOnLoadAttributes (511ms)
				ProcessInitializeOnLoadMethodAttributes (30ms)
				AfterProcessingInitializeOnLoad (2ms)
				EditorAssembliesLoaded (0ms)
			ExecutionOrderSort2 (0ms)
			AwakeInstancesAfterBackupRestoration (8ms)
Platform modules already initialized, skipping
Refreshing native plugins compatible for Editor in 0.81 ms, found 4 plugins.
Preloading 0 native plugins for Editor in 0.00 ms.
Unloading 5533 Unused Serialized files (Serialized files now loaded: 0)
Unloading 34 unused Assets / (21.9 KB). Loaded Objects now: 6128.
Memory consumption went from 203.2 MB to 203.2 MB.
Total: 2.413200 ms (FindLiveObjects: 0.320600 ms CreateObjectMapping: 0.083500 ms MarkObjects: 1.991600 ms  DeleteObjects: 0.016800 ms)

AssetImportParameters requested are different than current active one (requested -> active):
  custom:video-decoder-ogg-theora: a1e56fd34408186e4bbccfd4996cb3dc -> 
  custom:container-muxer-webm: aa71ff27fc2769a1b78a27578f13a17b -> 
  custom:container-demuxer-webm: 4f35f7cbe854078d1ac9338744f61a02 -> 
  custom:video-encoder-webm-vp8: eb34c28f22e8b96e1ab97ce403110664 -> 
  custom:video-codec-MediaFoundation-h265: 746d11721c4dcdbdad8f713fa42b33f4 -> 
  custom:CustomObjectIndexerAttribute: bc11b3a6c3213fcdd17b65e7da85e133 -> 
  custom:audio-encoder-webm-vorbis: bf7c407c2cedff20999df2af8eb42d56 -> 
  custom:framework-win-MediaFoundation: 216162199b28c13a410421893ffa2e32 -> 
  custom:SearchIndexIgnoredProperties: e643bd26f0fe6173181afceb89e7c659 -> 
  custom:container-demuxer-ogg: 62fdf1f143b41e24485cea50d1cbac27 -> 
  custom:video-decoder-webm-vp8: 9c59270c3fd7afecdb556c50c9e8de78 -> 
  custom:audio-decoder-ogg-vorbis: bf7c407c2cedff20999df2af8eb42d56 -> 
========================================================================
Received Prepare
Registering precompiled user dll's ...
Registered in 0.007847 seconds.
Begin MonoManager ReloadAssembly
Symbol file LoadedFromMemory is not a mono symbol file
Native extension for WindowsStandalone target not found
Refreshing native plugins compatible for Editor in 0.70 ms, found 4 plugins.
Preloading 0 native plugins for Editor in 0.00 ms.
[Package Manager] Server::EnsureServerProcessIsRunning -- launch failed, reason: Unity was launched with the -noUpm command-line argument
[Package Manager] Cannot connect to Unity Package Manager local server
Mono: successfully reloaded assembly
- Completed reload, in  1.099 seconds
Domain Reload Profiling:
	ReloadAssembly (1099ms)
		BeginReloadAssembly (118ms)
			ExecutionOrderSort (0ms)
			DisableScriptedObjects (7ms)
			BackupInstance (0ms)
			ReleaseScriptingObjects (0ms)
			CreateAndSetChildDomain (31ms)
		EndReloadAssembly (916ms)
			LoadAssemblies (84ms)
			RebuildTransferFunctionScriptingTraits (0ms)
			SetupTypeCache (169ms)
			ReleaseScriptCaches (1ms)
			RebuildScriptCaches (30ms)
			SetupLoadedEditorAssemblies (619ms)
				LogAssemblyErrors (0ms)
				InitializePlatformSupportModulesInManaged (2ms)
				SetLoadedEditorAssemblies (0ms)
				RefreshPlugins (1ms)
				BeforeProcessingInitializeOnLoad (63ms)
				ProcessInitializeOnLoadAttributes (520ms)
				ProcessInitializeOnLoadMethodAttributes (31ms)
				AfterProcessingInitializeOnLoad (2ms)
				EditorAssembliesLoaded (0ms)
			ExecutionOrderSort2 (0ms)
			AwakeInstancesAfterBackupRestoration (7ms)
Platform modules already initialized, skipping
Refreshing native plugins compatible for Editor in 0.91 ms, found 4 plugins.
Preloading 0 native plugins for Editor in 0.00 ms.
Unloading 5533 Unused Serialized files (Serialized files now loaded: 0)
Unloading 34 unused Assets / (21.9 KB). Loaded Objects now: 6132.
Memory consumption went from 203.2 MB to 203.2 MB.
Total: 2.326900 ms (FindLiveObjects: 0.317600 ms CreateObjectMapping: 0.082400 ms MarkObjects: 1.910100 ms  DeleteObjects: 0.016200 ms)

AssetImportParameters requested are different than current active one (requested -> active):
  custom:video-decoder-ogg-theora: a1e56fd34408186e4bbccfd4996cb3dc -> 
  custom:container-muxer-webm: aa71ff27fc2769a1b78a27578f13a17b -> 
  custom:container-demuxer-webm: 4f35f7cbe854078d1ac9338744f61a02 -> 
  custom:video-encoder-webm-vp8: eb34c28f22e8b96e1ab97ce403110664 -> 
  custom:video-codec-MediaFoundation-h265: 746d11721c4dcdbdad8f713fa42b33f4 -> 
  custom:CustomObjectIndexerAttribute: bc11b3a6c3213fcdd17b65e7da85e133 -> 
  custom:audio-encoder-webm-vorbis: bf7c407c2cedff20999df2af8eb42d56 -> 
  custom:framework-win-MediaFoundation: 216162199b28c13a410421893ffa2e32 -> 
  custom:SearchIndexIgnoredProperties: e643bd26f0fe6173181afceb89e7c659 -> 
  custom:container-demuxer-ogg: 62fdf1f143b41e24485cea50d1cbac27 -> 
  custom:video-decoder-webm-vp8: 9c59270c3fd7afecdb556c50c9e8de78 -> 
  custom:audio-decoder-ogg-vorbis: bf7c407c2cedff20999df2af8eb42d56 -> 
========================================================================
Received Prepare
Registering precompiled user dll's ...
Registered in 0.008406 seconds.
Begin MonoManager ReloadAssembly
Symbol file LoadedFromMemory is not a mono symbol file
Native extension for WindowsStandalone target not found
Refreshing native plugins compatible for Editor in 0.73 ms, found 4 plugins.
Preloading 0 native plugins for Editor in 0.00 ms.
[Package Manager] Server::EnsureServerProcessIsRunning -- launch failed, reason: Unity was launched with the -noUpm command-line argument
[Package Manager] Cannot connect to Unity Package Manager local server
Mono: successfully reloaded assembly
- Completed reload, in  1.028 seconds
Domain Reload Profiling:
	ReloadAssembly (1029ms)
		BeginReloadAssembly (120ms)
			ExecutionOrderSort (0ms)
			DisableScriptedObjects (8ms)
			BackupInstance (0ms)
			ReleaseScriptingObjects (0ms)
			CreateAndSetChildDomain (31ms)
		EndReloadAssembly (856ms)
			LoadAssemblies (83ms)
			RebuildTransferFunctionScriptingTraits (0ms)
			SetupTypeCache (163ms)
			ReleaseScriptCaches (1ms)
			RebuildScriptCaches (27ms)
			SetupLoadedEditorAssemblies (577ms)
				LogAssemblyErrors (0ms)
				InitializePlatformSupportModulesInManaged (2ms)
				SetLoadedEditorAssemblies (0ms)
				RefreshPlugins (1ms)
				BeforeProcessingInitializeOnLoad (58ms)
				ProcessInitializeOnLoadAttributes (487ms)
				ProcessInitializeOnLoadMethodAttributes (27ms)
				AfterProcessingInitializeOnLoad (2ms)
				EditorAssembliesLoaded (0ms)
			ExecutionOrderSort2 (0ms)
			AwakeInstancesAfterBackupRestoration (6ms)
Platform modules already initialized, skipping
Refreshing native plugins compatible for Editor in 0.71 ms, found 4 plugins.
Preloading 0 native plugins for Editor in 0.00 ms.
Unloading 5533 Unused Serialized files (Serialized files now loaded: 0)
Unloading 34 unused Assets / (21.9 KB). Loaded Objects now: 6136.
Memory consumption went from 203.2 MB to 203.2 MB.
Total: 2.564200 ms (FindLiveObjects: 0.330700 ms CreateObjectMapping: 0.099400 ms MarkObjects: 2.114300 ms  DeleteObjects: 0.019100 ms)

AssetImportParameters requested are different than current active one (requested -> active):
  custom:video-decoder-ogg-theora: a1e56fd34408186e4bbccfd4996cb3dc -> 
  custom:container-muxer-webm: aa71ff27fc2769a1b78a27578f13a17b -> 
  custom:container-demuxer-webm: 4f35f7cbe854078d1ac9338744f61a02 -> 
  custom:video-encoder-webm-vp8: eb34c28f22e8b96e1ab97ce403110664 -> 
  custom:video-codec-MediaFoundation-h265: 746d11721c4dcdbdad8f713fa42b33f4 -> 
  custom:CustomObjectIndexerAttribute: bc11b3a6c3213fcdd17b65e7da85e133 -> 
  custom:audio-encoder-webm-vorbis: bf7c407c2cedff20999df2af8eb42d56 -> 
  custom:framework-win-MediaFoundation: 216162199b28c13a410421893ffa2e32 -> 
  custom:SearchIndexIgnoredProperties: e643bd26f0fe6173181afceb89e7c659 -> 
  custom:container-demuxer-ogg: 62fdf1f143b41e24485cea50d1cbac27 -> 
  custom:video-decoder-webm-vp8: 9c59270c3fd7afecdb556c50c9e8de78 -> 
  custom:audio-decoder-ogg-vorbis: bf7c407c2cedff20999df2af8eb42d56 -> 
========================================================================
Received Prepare
Registering precompiled user dll's ...
Registered in 0.007336 seconds.
Begin MonoManager ReloadAssembly
Symbol file LoadedFromMemory is not a mono symbol file
Native extension for WindowsStandalone target not found
Refreshing native plugins compatible for Editor in 0.75 ms, found 4 plugins.
Preloading 0 native plugins for Editor in 0.00 ms.
[Package Manager] Server::EnsureServerProcessIsRunning -- launch failed, reason: Unity was launched with the -noUpm command-line argument
[Package Manager] Cannot connect to Unity Package Manager local server
Mono: successfully reloaded assembly
- Completed reload, in  1.099 seconds
Domain Reload Profiling:
	ReloadAssembly (1099ms)
		BeginReloadAssembly (117ms)
			ExecutionOrderSort (0ms)
			DisableScriptedObjects (6ms)
			BackupInstance (0ms)
			ReleaseScriptingObjects (0ms)
			CreateAndSetChildDomain (28ms)
		EndReloadAssembly (926ms)
			LoadAssemblies (85ms)
			RebuildTransferFunctionScriptingTraits (0ms)
			SetupTypeCache (175ms)
			ReleaseScriptCaches (2ms)
			RebuildScriptCaches (34ms)
			SetupLoadedEditorAssemblies (618ms)
				LogAssemblyErrors (0ms)
				InitializePlatformSupportModulesInManaged (2ms)
				SetLoadedEditorAssemblies (0ms)
				RefreshPlugins (1ms)
				BeforeProcessingInitializeOnLoad (68ms)
				ProcessInitializeOnLoadAttributes (515ms)
				ProcessInitializeOnLoadMethodAttributes (30ms)
				AfterProcessingInitializeOnLoad (2ms)
				EditorAssembliesLoaded (0ms)
			ExecutionOrderSort2 (0ms)
			AwakeInstancesAfterBackupRestoration (7ms)
Platform modules already initialized, skipping
Refreshing native plugins compatible for Editor in 0.99 ms, found 4 plugins.
Preloading 0 native plugins for Editor in 0.00 ms.
Unloading 5533 Unused Serialized files (Serialized files now loaded: 0)
Unloading 34 unused Assets / (21.9 KB). Loaded Objects now: 6140.
Memory consumption went from 203.2 MB to 203.2 MB.
Total: 2.665800 ms (FindLiveObjects: 0.397600 ms CreateObjectMapping: 0.176900 ms MarkObjects: 2.073000 ms  DeleteObjects: 0.017900 ms)

AssetImportParameters requested are different than current active one (requested -> active):
  custom:video-decoder-ogg-theora: a1e56fd34408186e4bbccfd4996cb3dc -> 
  custom:container-muxer-webm: aa71ff27fc2769a1b78a27578f13a17b -> 
  custom:container-demuxer-webm: 4f35f7cbe854078d1ac9338744f61a02 -> 
  custom:video-encoder-webm-vp8: eb34c28f22e8b96e1ab97ce403110664 -> 
  custom:video-codec-MediaFoundation-h265: 746d11721c4dcdbdad8f713fa42b33f4 -> 
  custom:CustomObjectIndexerAttribute: bc11b3a6c3213fcdd17b65e7da85e133 -> 
  custom:audio-encoder-webm-vorbis: bf7c407c2cedff20999df2af8eb42d56 -> 
  custom:framework-win-MediaFoundation: 216162199b28c13a410421893ffa2e32 -> 
  custom:SearchIndexIgnoredProperties: e643bd26f0fe6173181afceb89e7c659 -> 
  custom:container-demuxer-ogg: 62fdf1f143b41e24485cea50d1cbac27 -> 
  custom:video-decoder-webm-vp8: 9c59270c3fd7afecdb556c50c9e8de78 -> 
  custom:audio-decoder-ogg-vorbis: bf7c407c2cedff20999df2af8eb42d56 -> 
========================================================================
Received Import Request.
  Time since last request: 1023.509849 seconds.
  path: Assets/Tiny Swords/Factions/Knights/Troops/Pawn/Blue/Pawn_Blue.aseprite
  artifactKey: Guid(9cfabddbb05a063419a9a1a520525dc4) Importer(815301076,1909f56bfc062723c751e8b465ee728b)
Number of updated assets reloaded before import = 0
Start importing Assets/Tiny Swords/Factions/Knights/Troops/Pawn/Blue/Pawn_Blue.aseprite using Guid(9cfabddbb05a063419a9a1a520525dc4) Importer(815301076,1909f56bfc062723c751e8b465ee728b)  -> (artifact id: '11f41658b212e9ceb14bc3127fd28cac') in 0.080202 seconds 
Number of asset objects unloaded after import = 62
========================================================================
Received Prepare
Registering precompiled user dll's ...
Registered in 0.007546 seconds.
Begin MonoManager ReloadAssembly
Symbol file LoadedFromMemory is not a mono symbol file
Native extension for WindowsStandalone target not found
Refreshing native plugins compatible for Editor in 0.75 ms, found 4 plugins.
Preloading 0 native plugins for Editor in 0.00 ms.
[Package Manager] Server::EnsureServerProcessIsRunning -- launch failed, reason: Unity was launched with the -noUpm command-line argument
[Package Manager] Cannot connect to Unity Package Manager local server
Mono: successfully reloaded assembly
- Completed reload, in  1.276 seconds
Domain Reload Profiling:
	ReloadAssembly (1277ms)
		BeginReloadAssembly (123ms)
			ExecutionOrderSort (0ms)
			DisableScriptedObjects (5ms)
			BackupInstance (0ms)
			ReleaseScriptingObjects (0ms)
			CreateAndSetChildDomain (32ms)
		EndReloadAssembly (1049ms)
			LoadAssemblies (130ms)
			RebuildTransferFunctionScriptingTraits (0ms)
			SetupTypeCache (198ms)
			ReleaseScriptCaches (2ms)
			RebuildScriptCaches (38ms)
			SetupLoadedEditorAssemblies (665ms)
				LogAssemblyErrors (0ms)
				InitializePlatformSupportModulesInManaged (3ms)
				SetLoadedEditorAssemblies (0ms)
				RefreshPlugins (1ms)
				BeforeProcessingInitializeOnLoad (77ms)
				ProcessInitializeOnLoadAttributes (550ms)
				ProcessInitializeOnLoadMethodAttributes (32ms)
				AfterProcessingInitializeOnLoad (2ms)
				EditorAssembliesLoaded (0ms)
			ExecutionOrderSort2 (0ms)
			AwakeInstancesAfterBackupRestoration (9ms)
Platform modules already initialized, skipping
Refreshing native plugins compatible for Editor in 0.88 ms, found 4 plugins.
Preloading 0 native plugins for Editor in 0.00 ms.
Unloading 5533 Unused Serialized files (Serialized files now loaded: 0)
Unloading 34 unused Assets / (21.9 KB). Loaded Objects now: 6144.
Memory consumption went from 203.1 MB to 203.0 MB.
Total: 3.226900 ms (FindLiveObjects: 0.420200 ms CreateObjectMapping: 0.120700 ms MarkObjects: 2.665300 ms  DeleteObjects: 0.020100 ms)

AssetImportParameters requested are different than current active one (requested -> active):
  custom:video-decoder-ogg-theora: a1e56fd34408186e4bbccfd4996cb3dc -> 
  custom:container-muxer-webm: aa71ff27fc2769a1b78a27578f13a17b -> 
  custom:container-demuxer-webm: 4f35f7cbe854078d1ac9338744f61a02 -> 
  custom:video-encoder-webm-vp8: eb34c28f22e8b96e1ab97ce403110664 -> 
  custom:video-codec-MediaFoundation-h265: 746d11721c4dcdbdad8f713fa42b33f4 -> 
  custom:CustomObjectIndexerAttribute: bc11b3a6c3213fcdd17b65e7da85e133 -> 
  custom:audio-encoder-webm-vorbis: bf7c407c2cedff20999df2af8eb42d56 -> 
  custom:framework-win-MediaFoundation: 216162199b28c13a410421893ffa2e32 -> 
  custom:SearchIndexIgnoredProperties: e643bd26f0fe6173181afceb89e7c659 -> 
  custom:container-demuxer-ogg: 62fdf1f143b41e24485cea50d1cbac27 -> 
  custom:video-decoder-webm-vp8: 9c59270c3fd7afecdb556c50c9e8de78 -> 
  custom:audio-decoder-ogg-vorbis: bf7c407c2cedff20999df2af8eb42d56 -> 
========================================================================
Received Import Request.
  Time since last request: 251.490241 seconds.
  path: Assets/Prefabs/Player.prefab
  artifactKey: Guid(ad234502142b0e64b91fdae5b596b3a3) Importer(815301076,1909f56bfc062723c751e8b465ee728b)
Number of updated assets reloaded before import = 0
Start importing Assets/Prefabs/Player.prefab using Guid(ad234502142b0e64b91fdae5b596b3a3) Importer(815301076,1909f56bfc062723c751e8b465ee728b)  -> (artifact id: 'da5ee2d1723412c3f605dc9241bea8cf') in 0.042848 seconds 
Number of asset objects unloaded after import = 12
========================================================================
Received Import Request.
  Time since last request: 0.541657 seconds.
  path: Assets/Prefabs/DefaultPlayer.prefab
  artifactKey: Guid(ece4183ad88ff0541b6d0ce6b939a789) Importer(815301076,1909f56bfc062723c751e8b465ee728b)
Number of updated assets reloaded before import = 0
Start importing Assets/Prefabs/DefaultPlayer.prefab using Guid(ece4183ad88ff0541b6d0ce6b939a789) Importer(815301076,1909f56bfc062723c751e8b465ee728b)  -> (artifact id: '33bad497c3ecd86e8c2f8c14f2848610') in 0.007747 seconds 
Number of asset objects unloaded after import = 65
========================================================================
Received Prepare
Registering precompiled user dll's ...
Registered in 0.007369 seconds.
Begin MonoManager ReloadAssembly
Symbol file LoadedFromMemory is not a mono symbol file
Native extension for WindowsStandalone target not found
Refreshing native plugins compatible for Editor in 0.84 ms, found 4 plugins.
Preloading 0 native plugins for Editor in 0.00 ms.
[Package Manager] Server::EnsureServerProcessIsRunning -- launch failed, reason: Unity was launched with the -noUpm command-line argument
[Package Manager] Cannot connect to Unity Package Manager local server
Mono: successfully reloaded assembly
- Completed reload, in  1.081 seconds
Domain Reload Profiling:
	ReloadAssembly (1081ms)
		BeginReloadAssembly (115ms)
			ExecutionOrderSort (0ms)
			DisableScriptedObjects (5ms)
			BackupInstance (0ms)
			ReleaseScriptingObjects (0ms)
			CreateAndSetChildDomain (30ms)
		EndReloadAssembly (911ms)
			LoadAssemblies (83ms)
			RebuildTransferFunctionScriptingTraits (0ms)
			SetupTypeCache (167ms)
			ReleaseScriptCaches (1ms)
			RebuildScriptCaches (32ms)
			SetupLoadedEditorAssemblies (612ms)
				LogAssemblyErrors (0ms)
				InitializePlatformSupportModulesInManaged (3ms)
				SetLoadedEditorAssemblies (0ms)
				RefreshPlugins (1ms)
				BeforeProcessingInitializeOnLoad (69ms)
				ProcessInitializeOnLoadAttributes (507ms)
				ProcessInitializeOnLoadMethodAttributes (30ms)
				AfterProcessingInitializeOnLoad (2ms)
				EditorAssembliesLoaded (0ms)
			ExecutionOrderSort2 (0ms)
			AwakeInstancesAfterBackupRestoration (7ms)
Platform modules already initialized, skipping
Refreshing native plugins compatible for Editor in 0.90 ms, found 4 plugins.
Preloading 0 native plugins for Editor in 0.00 ms.
Unloading 5533 Unused Serialized files (Serialized files now loaded: 0)
Unloading 34 unused Assets / (23.0 KB). Loaded Objects now: 6148.
Memory consumption went from 203.3 MB to 203.3 MB.
Total: 2.805300 ms (FindLiveObjects: 0.326200 ms CreateObjectMapping: 0.099600 ms MarkObjects: 2.360500 ms  DeleteObjects: 0.018300 ms)

AssetImportParameters requested are different than current active one (requested -> active):
  custom:video-decoder-ogg-theora: a1e56fd34408186e4bbccfd4996cb3dc -> 
  custom:container-muxer-webm: aa71ff27fc2769a1b78a27578f13a17b -> 
  custom:container-demuxer-webm: 4f35f7cbe854078d1ac9338744f61a02 -> 
  custom:video-encoder-webm-vp8: eb34c28f22e8b96e1ab97ce403110664 -> 
  custom:video-codec-MediaFoundation-h265: 746d11721c4dcdbdad8f713fa42b33f4 -> 
  custom:CustomObjectIndexerAttribute: bc11b3a6c3213fcdd17b65e7da85e133 -> 
  custom:audio-encoder-webm-vorbis: bf7c407c2cedff20999df2af8eb42d56 -> 
  custom:framework-win-MediaFoundation: 216162199b28c13a410421893ffa2e32 -> 
  custom:SearchIndexIgnoredProperties: e643bd26f0fe6173181afceb89e7c659 -> 
  custom:container-demuxer-ogg: 62fdf1f143b41e24485cea50d1cbac27 -> 
  custom:video-decoder-webm-vp8: 9c59270c3fd7afecdb556c50c9e8de78 -> 
  custom:audio-decoder-ogg-vorbis: bf7c407c2cedff20999df2af8eb42d56 -> 
